<?xml version="1.0" encoding="UTF-8"?>
<!-- Generated by org.testng.reporters.JUnitXMLReporter -->
<testsuite hostname="YY134122" ignored="1" name="Test" tests="2" failures="0" timestamp="19 Oct 2020 09:29:38 GMT" time="217.007" errors="0">
  <testcase name="ApplicationLaunch" time="16.072" classname="TestPackage.LoginPage"/>
  <testcase name="LoginTest_FacilityAdmin" time="200.767" classname="TestPackage.LoginPage"/>
  <testcase name="@BeforeSuite LaunchBrowser" time="0.0" classname="Base.Baseclass">
    <ignored/>
  </testcase> <!-- @BeforeSuite LaunchBrowser -->
</testsuite> <!-- Test -->
