<?xml version="1.0" encoding="UTF-8"?>
<!-- Generated by org.testng.reporters.JUnitXMLReporter -->
<testsuite hostname="YY134122" ignored="2" name="Test" tests="3" failures="0" timestamp="22 Sep 2020 12:58:33 GMT" time="36.173" errors="0">
  <testcase name="ApplicationLaunch" time="15.187" classname="TestPackage.LoginPage"/>
  <testcase name="LoginTest" time="1.367" classname="TestPackage.LoginPage"/>
  <testcase name="PatientRegistration" time="19.555" classname="TestPackage.PatientRegistration"/>
  <testcase name="@BeforeSuite LaunchBrowser" time="0.0" classname="Base.Baseclass">
    <ignored/>
  </testcase> <!-- @BeforeSuite LaunchBrowser -->
  <testcase name="@BeforeSuite LaunchBrowser" time="0.0" classname="Base.Baseclass">
    <ignored/>
  </testcase> <!-- @BeforeSuite LaunchBrowser -->
</testsuite> <!-- Test -->
